<?xml version="1.0" encoding="UTF-8"?>
<testsuite xmlns:xsi="http://www.w3.org/2001/XMLSchema-instance" xsi:noNamespaceSchemaLocation="https://maven.apache.org/surefire/maven-surefire-plugin/xsd/surefire-test-report-3.0.xsd" version="3.0" name="TestSuite" time="8.256" tests="1" errors="0" skipped="0" failures="0">
  <properties>
    <property name="java.specification.version" value="18"/>
    <property name="webdriver.chrome.driver" value="/Users/seifelmosalamy/.cache/selenium/chromedriver/mac-arm64/138.0.7204.183/chromedriver"/>
    <property name="sun.jnu.encoding" value="UTF-8"/>
    <property name="java.class.path" value="/Users/seifelmosalamy/My Mac/Yassir-Task-SeifElmosalamy/BBDO Task/target/test-classes:/Users/seifelmosalamy/My Mac/Yassir-Task-SeifElmosalamy/BBDO Task/target/classes:/Users/seifelmosalamy/.m2/repository/org/seleniumhq/selenium/selenium-api/4.19.1/selenium-api-4.19.1.jar:/Users/seifelmosalamy/.m2/repository/org/seleniumhq/selenium/selenium-support/4.19.1/selenium-support-4.19.1.jar:/Users/seifelmosalamy/.m2/repository/com/google/auto/service/auto-service-annotations/1.1.1/auto-service-annotations-1.1.1.jar:/Users/seifelmosalamy/.m2/repository/com/google/guava/guava/33.1.0-jre/guava-33.1.0-jre.jar:/Users/seifelmosalamy/.m2/repository/com/google/guava/failureaccess/1.0.2/failureaccess-1.0.2.jar:/Users/seifelmosalamy/.m2/repository/com/google/guava/listenablefuture/9999.0-empty-to-avoid-conflict-with-guava/listenablefuture-9999.0-empty-to-avoid-conflict-with-guava.jar:/Users/seifelmosalamy/.m2/repository/com/google/code/findbugs/jsr305/3.0.2/jsr305-3.0.2.jar:/Users/seifelmosalamy/.m2/repository/org/checkerframework/checker-qual/3.42.0/checker-qual-3.42.0.jar:/Users/seifelmosalamy/.m2/repository/com/google/errorprone/error_prone_annotations/2.26.1/error_prone_annotations-2.26.1.jar:/Users/seifelmosalamy/.m2/repository/com/google/j2objc/j2objc-annotations/3.0.0/j2objc-annotations-3.0.0.jar:/Users/seifelmosalamy/.m2/repository/net/bytebuddy/byte-buddy/1.14.12/byte-buddy-1.14.12.jar:/Users/seifelmosalamy/.m2/repository/org/seleniumhq/selenium/selenium-json/4.19.1/selenium-json-4.19.1.jar:/Users/seifelmosalamy/.m2/repository/org/seleniumhq/selenium/selenium-remote-driver/4.19.1/selenium-remote-driver-4.19.1.jar:/Users/seifelmosalamy/.m2/repository/io/opentelemetry/semconv/opentelemetry-semconv/1.23.1-alpha/opentelemetry-semconv-1.23.1-alpha.jar:/Users/seifelmosalamy/.m2/repository/io/opentelemetry/opentelemetry-api/1.36.0/opentelemetry-api-1.36.0.jar:/Users/seifelmosalamy/.m2/repository/io/opentelemetry/opentelemetry-context/1.36.0/opentelemetry-context-1.36.0.jar:/Users/seifelmosalamy/.m2/repository/io/opentelemetry/opentelemetry-exporter-logging/1.36.0/opentelemetry-exporter-logging-1.36.0.jar:/Users/seifelmosalamy/.m2/repository/io/opentelemetry/opentelemetry-sdk-common/1.36.0/opentelemetry-sdk-common-1.36.0.jar:/Users/seifelmosalamy/.m2/repository/io/opentelemetry/opentelemetry-sdk-extension-autoconfigure-spi/1.36.0/opentelemetry-sdk-extension-autoconfigure-spi-1.36.0.jar:/Users/seifelmosalamy/.m2/repository/io/opentelemetry/opentelemetry-sdk-extension-autoconfigure/1.36.0/opentelemetry-sdk-extension-autoconfigure-1.36.0.jar:/Users/seifelmosalamy/.m2/repository/io/opentelemetry/opentelemetry-api-events/1.36.0-alpha/opentelemetry-api-events-1.36.0-alpha.jar:/Users/seifelmosalamy/.m2/repository/io/opentelemetry/opentelemetry-sdk-trace/1.36.0/opentelemetry-sdk-trace-1.36.0.jar:/Users/seifelmosalamy/.m2/repository/io/opentelemetry/opentelemetry-extension-incubator/1.36.0-alpha/opentelemetry-extension-incubator-1.36.0-alpha.jar:/Users/seifelmosalamy/.m2/repository/io/opentelemetry/opentelemetry-sdk/1.36.0/opentelemetry-sdk-1.36.0.jar:/Users/seifelmosalamy/.m2/repository/io/opentelemetry/opentelemetry-sdk-metrics/1.36.0/opentelemetry-sdk-metrics-1.36.0.jar:/Users/seifelmosalamy/.m2/repository/io/opentelemetry/opentelemetry-sdk-logs/1.36.0/opentelemetry-sdk-logs-1.36.0.jar:/Users/seifelmosalamy/.m2/repository/org/seleniumhq/selenium/selenium-http/4.19.1/selenium-http-4.19.1.jar:/Users/seifelmosalamy/.m2/repository/dev/failsafe/failsafe/3.3.2/failsafe-3.3.2.jar:/Users/seifelmosalamy/.m2/repository/org/seleniumhq/selenium/selenium-os/4.19.1/selenium-os-4.19.1.jar:/Users/seifelmosalamy/.m2/repository/org/apache/commons/commons-exec/1.3/commons-exec-1.3.jar:/Users/seifelmosalamy/.m2/repository/org/seleniumhq/selenium/selenium-chrome-driver/4.19.1/selenium-chrome-driver-4.19.1.jar:/Users/seifelmosalamy/.m2/repository/org/seleniumhq/selenium/selenium-chromium-driver/4.19.1/selenium-chromium-driver-4.19.1.jar:/Users/seifelmosalamy/.m2/repository/org/seleniumhq/selenium/selenium-manager/4.19.1/selenium-manager-4.19.1.jar:/Users/seifelmosalamy/.m2/repository/org/testng/testng/7.4.0/testng-7.4.0.jar:/Users/seifelmosalamy/.m2/repository/com/beust/jcommander/1.78/jcommander-1.78.jar:/Users/seifelmosalamy/.m2/repository/org/webjars/jquery/3.5.1/jquery-3.5.1.jar:/Users/seifelmosalamy/.m2/repository/io/github/bonigarcia/webdrivermanager/5.8.0/webdrivermanager-5.8.0.jar:/Users/seifelmosalamy/.m2/repository/org/slf4j/slf4j-api/2.0.12/slf4j-api-2.0.12.jar:/Users/seifelmosalamy/.m2/repository/com/google/code/gson/gson/2.10.1/gson-2.10.1.jar:/Users/seifelmosalamy/.m2/repository/com/github/docker-java/docker-java/3.3.6/docker-java-3.3.6.jar:/Users/seifelmosalamy/.m2/repository/com/github/docker-java/docker-java-core/3.3.6/docker-java-core-3.3.6.jar:/Users/seifelmosalamy/.m2/repository/com/github/docker-java/docker-java-api/3.3.6/docker-java-api-3.3.6.jar:/Users/seifelmosalamy/.m2/repository/com/fasterxml/jackson/core/jackson-annotations/2.10.3/jackson-annotations-2.10.3.jar:/Users/seifelmosalamy/.m2/repository/com/fasterxml/jackson/core/jackson-databind/2.10.3/jackson-databind-2.10.3.jar:/Users/seifelmosalamy/.m2/repository/com/fasterxml/jackson/core/jackson-core/2.10.3/jackson-core-2.10.3.jar:/Users/seifelmosalamy/.m2/repository/org/bouncycastle/bcpkix-jdk18on/1.76/bcpkix-jdk18on-1.76.jar:/Users/seifelmosalamy/.m2/repository/org/bouncycastle/bcprov-jdk18on/1.76/bcprov-jdk18on-1.76.jar:/Users/seifelmosalamy/.m2/repository/org/bouncycastle/bcutil-jdk18on/1.76/bcutil-jdk18on-1.76.jar:/Users/seifelmosalamy/.m2/repository/org/slf4j/jcl-over-slf4j/1.7.30/jcl-over-slf4j-1.7.30.jar:/Users/seifelmosalamy/.m2/repository/com/github/docker-java/docker-java-transport-httpclient5/3.3.6/docker-java-transport-httpclient5-3.3.6.jar:/Users/seifelmosalamy/.m2/repository/com/github/docker-java/docker-java-transport/3.3.6/docker-java-transport-3.3.6.jar:/Users/seifelmosalamy/.m2/repository/net/java/dev/jna/jna/5.13.0/jna-5.13.0.jar:/Users/seifelmosalamy/.m2/repository/org/brotli/dec/0.1.2/dec-0.1.2.jar:/Users/seifelmosalamy/.m2/repository/org/apache/commons/commons-lang3/3.14.0/commons-lang3-3.14.0.jar:/Users/seifelmosalamy/.m2/repository/org/apache/commons/commons-compress/1.26.1/commons-compress-1.26.1.jar:/Users/seifelmosalamy/.m2/repository/commons-codec/commons-codec/1.16.1/commons-codec-1.16.1.jar:/Users/seifelmosalamy/.m2/repository/org/apache/httpcomponents/client5/httpclient5/5.2.1/httpclient5-5.2.1.jar:/Users/seifelmosalamy/.m2/repository/org/apache/httpcomponents/core5/httpcore5/5.2/httpcore5-5.2.jar:/Users/seifelmosalamy/.m2/repository/org/apache/httpcomponents/core5/httpcore5-h2/5.2/httpcore5-h2-5.2.jar:/Users/seifelmosalamy/.m2/repository/commons-io/commons-io/2.11.0/commons-io-2.11.0.jar:/Users/seifelmosalamy/.m2/repository/org/uncommons/reportng/1.1.4/reportng-1.1.4.jar:/Users/seifelmosalamy/.m2/repository/velocity/velocity/1.4/velocity-1.4.jar:/Users/seifelmosalamy/.m2/repository/velocity/velocity-dep/1.4/velocity-dep-1.4.jar:/Users/seifelmosalamy/.m2/repository/com/google/inject/guice/4.1.0/guice-4.1.0.jar:/Users/seifelmosalamy/.m2/repository/javax/inject/javax.inject/1/javax.inject-1.jar:/Users/seifelmosalamy/.m2/repository/aopalliance/aopalliance/1.0/aopalliance-1.0.jar:"/>
    <property name="java.vm.vendor" value="Oracle Corporation"/>
    <property name="sun.arch.data.model" value="64"/>
    <property name="java.vendor.url" value="https://java.oracle.com/"/>
    <property name="user.timezone" value="Asia/Dubai"/>
    <property name="os.name" value="Mac OS X"/>
    <property name="java.vm.specification.version" value="18"/>
    <property name="sun.java.launcher" value="SUN_STANDARD"/>
    <property name="user.country" value="TR"/>
    <property name="sun.boot.library.path" value="/Library/Java/JavaVirtualMachines/jdk-18.0.1.1.jdk/Contents/Home/lib"/>
    <property name="sun.java.command" value="/Users/seifelmosalamy/My Mac/Yassir-Task-SeifElmosalamy/BBDO Task/target/surefire/surefirebooter-20250806021411859_3.jar /Users/seifelmosalamy/My Mac/Yassir-Task-SeifElmosalamy/BBDO Task/target/surefire 2025-08-06T02-14-11_816-jvmRun1 surefire-20250806021411859_1tmp surefire_0-20250806021411859_2tmp"/>
    <property name="http.nonProxyHosts" value="local|*.local|169.254/16|*.169.254/16"/>
    <property name="jdk.debug" value="release"/>
    <property name="surefire.test.class.path" value="/Users/seifelmosalamy/My Mac/Yassir-Task-SeifElmosalamy/BBDO Task/target/test-classes:/Users/seifelmosalamy/My Mac/Yassir-Task-SeifElmosalamy/BBDO Task/target/classes:/Users/seifelmosalamy/.m2/repository/org/seleniumhq/selenium/selenium-api/4.19.1/selenium-api-4.19.1.jar:/Users/seifelmosalamy/.m2/repository/org/seleniumhq/selenium/selenium-support/4.19.1/selenium-support-4.19.1.jar:/Users/seifelmosalamy/.m2/repository/com/google/auto/service/auto-service-annotations/1.1.1/auto-service-annotations-1.1.1.jar:/Users/seifelmosalamy/.m2/repository/com/google/guava/guava/33.1.0-jre/guava-33.1.0-jre.jar:/Users/seifelmosalamy/.m2/repository/com/google/guava/failureaccess/1.0.2/failureaccess-1.0.2.jar:/Users/seifelmosalamy/.m2/repository/com/google/guava/listenablefuture/9999.0-empty-to-avoid-conflict-with-guava/listenablefuture-9999.0-empty-to-avoid-conflict-with-guava.jar:/Users/seifelmosalamy/.m2/repository/com/google/code/findbugs/jsr305/3.0.2/jsr305-3.0.2.jar:/Users/seifelmosalamy/.m2/repository/org/checkerframework/checker-qual/3.42.0/checker-qual-3.42.0.jar:/Users/seifelmosalamy/.m2/repository/com/google/errorprone/error_prone_annotations/2.26.1/error_prone_annotations-2.26.1.jar:/Users/seifelmosalamy/.m2/repository/com/google/j2objc/j2objc-annotations/3.0.0/j2objc-annotations-3.0.0.jar:/Users/seifelmosalamy/.m2/repository/net/bytebuddy/byte-buddy/1.14.12/byte-buddy-1.14.12.jar:/Users/seifelmosalamy/.m2/repository/org/seleniumhq/selenium/selenium-json/4.19.1/selenium-json-4.19.1.jar:/Users/seifelmosalamy/.m2/repository/org/seleniumhq/selenium/selenium-remote-driver/4.19.1/selenium-remote-driver-4.19.1.jar:/Users/seifelmosalamy/.m2/repository/io/opentelemetry/semconv/opentelemetry-semconv/1.23.1-alpha/opentelemetry-semconv-1.23.1-alpha.jar:/Users/seifelmosalamy/.m2/repository/io/opentelemetry/opentelemetry-api/1.36.0/opentelemetry-api-1.36.0.jar:/Users/seifelmosalamy/.m2/repository/io/opentelemetry/opentelemetry-context/1.36.0/opentelemetry-context-1.36.0.jar:/Users/seifelmosalamy/.m2/repository/io/opentelemetry/opentelemetry-exporter-logging/1.36.0/opentelemetry-exporter-logging-1.36.0.jar:/Users/seifelmosalamy/.m2/repository/io/opentelemetry/opentelemetry-sdk-common/1.36.0/opentelemetry-sdk-common-1.36.0.jar:/Users/seifelmosalamy/.m2/repository/io/opentelemetry/opentelemetry-sdk-extension-autoconfigure-spi/1.36.0/opentelemetry-sdk-extension-autoconfigure-spi-1.36.0.jar:/Users/seifelmosalamy/.m2/repository/io/opentelemetry/opentelemetry-sdk-extension-autoconfigure/1.36.0/opentelemetry-sdk-extension-autoconfigure-1.36.0.jar:/Users/seifelmosalamy/.m2/repository/io/opentelemetry/opentelemetry-api-events/1.36.0-alpha/opentelemetry-api-events-1.36.0-alpha.jar:/Users/seifelmosalamy/.m2/repository/io/opentelemetry/opentelemetry-sdk-trace/1.36.0/opentelemetry-sdk-trace-1.36.0.jar:/Users/seifelmosalamy/.m2/repository/io/opentelemetry/opentelemetry-extension-incubator/1.36.0-alpha/opentelemetry-extension-incubator-1.36.0-alpha.jar:/Users/seifelmosalamy/.m2/repository/io/opentelemetry/opentelemetry-sdk/1.36.0/opentelemetry-sdk-1.36.0.jar:/Users/seifelmosalamy/.m2/repository/io/opentelemetry/opentelemetry-sdk-metrics/1.36.0/opentelemetry-sdk-metrics-1.36.0.jar:/Users/seifelmosalamy/.m2/repository/io/opentelemetry/opentelemetry-sdk-logs/1.36.0/opentelemetry-sdk-logs-1.36.0.jar:/Users/seifelmosalamy/.m2/repository/org/seleniumhq/selenium/selenium-http/4.19.1/selenium-http-4.19.1.jar:/Users/seifelmosalamy/.m2/repository/dev/failsafe/failsafe/3.3.2/failsafe-3.3.2.jar:/Users/seifelmosalamy/.m2/repository/org/seleniumhq/selenium/selenium-os/4.19.1/selenium-os-4.19.1.jar:/Users/seifelmosalamy/.m2/repository/org/apache/commons/commons-exec/1.3/commons-exec-1.3.jar:/Users/seifelmosalamy/.m2/repository/org/seleniumhq/selenium/selenium-chrome-driver/4.19.1/selenium-chrome-driver-4.19.1.jar:/Users/seifelmosalamy/.m2/repository/org/seleniumhq/selenium/selenium-chromium-driver/4.19.1/selenium-chromium-driver-4.19.1.jar:/Users/seifelmosalamy/.m2/repository/org/seleniumhq/selenium/selenium-manager/4.19.1/selenium-manager-4.19.1.jar:/Users/seifelmosalamy/.m2/repository/org/testng/testng/7.4.0/testng-7.4.0.jar:/Users/seifelmosalamy/.m2/repository/com/beust/jcommander/1.78/jcommander-1.78.jar:/Users/seifelmosalamy/.m2/repository/org/webjars/jquery/3.5.1/jquery-3.5.1.jar:/Users/seifelmosalamy/.m2/repository/io/github/bonigarcia/webdrivermanager/5.8.0/webdrivermanager-5.8.0.jar:/Users/seifelmosalamy/.m2/repository/org/slf4j/slf4j-api/2.0.12/slf4j-api-2.0.12.jar:/Users/seifelmosalamy/.m2/repository/com/google/code/gson/gson/2.10.1/gson-2.10.1.jar:/Users/seifelmosalamy/.m2/repository/com/github/docker-java/docker-java/3.3.6/docker-java-3.3.6.jar:/Users/seifelmosalamy/.m2/repository/com/github/docker-java/docker-java-core/3.3.6/docker-java-core-3.3.6.jar:/Users/seifelmosalamy/.m2/repository/com/github/docker-java/docker-java-api/3.3.6/docker-java-api-3.3.6.jar:/Users/seifelmosalamy/.m2/repository/com/fasterxml/jackson/core/jackson-annotations/2.10.3/jackson-annotations-2.10.3.jar:/Users/seifelmosalamy/.m2/repository/com/fasterxml/jackson/core/jackson-databind/2.10.3/jackson-databind-2.10.3.jar:/Users/seifelmosalamy/.m2/repository/com/fasterxml/jackson/core/jackson-core/2.10.3/jackson-core-2.10.3.jar:/Users/seifelmosalamy/.m2/repository/org/bouncycastle/bcpkix-jdk18on/1.76/bcpkix-jdk18on-1.76.jar:/Users/seifelmosalamy/.m2/repository/org/bouncycastle/bcprov-jdk18on/1.76/bcprov-jdk18on-1.76.jar:/Users/seifelmosalamy/.m2/repository/org/bouncycastle/bcutil-jdk18on/1.76/bcutil-jdk18on-1.76.jar:/Users/seifelmosalamy/.m2/repository/org/slf4j/jcl-over-slf4j/1.7.30/jcl-over-slf4j-1.7.30.jar:/Users/seifelmosalamy/.m2/repository/com/github/docker-java/docker-java-transport-httpclient5/3.3.6/docker-java-transport-httpclient5-3.3.6.jar:/Users/seifelmosalamy/.m2/repository/com/github/docker-java/docker-java-transport/3.3.6/docker-java-transport-3.3.6.jar:/Users/seifelmosalamy/.m2/repository/net/java/dev/jna/jna/5.13.0/jna-5.13.0.jar:/Users/seifelmosalamy/.m2/repository/org/brotli/dec/0.1.2/dec-0.1.2.jar:/Users/seifelmosalamy/.m2/repository/org/apache/commons/commons-lang3/3.14.0/commons-lang3-3.14.0.jar:/Users/seifelmosalamy/.m2/repository/org/apache/commons/commons-compress/1.26.1/commons-compress-1.26.1.jar:/Users/seifelmosalamy/.m2/repository/commons-codec/commons-codec/1.16.1/commons-codec-1.16.1.jar:/Users/seifelmosalamy/.m2/repository/org/apache/httpcomponents/client5/httpclient5/5.2.1/httpclient5-5.2.1.jar:/Users/seifelmosalamy/.m2/repository/org/apache/httpcomponents/core5/httpcore5/5.2/httpcore5-5.2.jar:/Users/seifelmosalamy/.m2/repository/org/apache/httpcomponents/core5/httpcore5-h2/5.2/httpcore5-h2-5.2.jar:/Users/seifelmosalamy/.m2/repository/commons-io/commons-io/2.11.0/commons-io-2.11.0.jar:/Users/seifelmosalamy/.m2/repository/org/uncommons/reportng/1.1.4/reportng-1.1.4.jar:/Users/seifelmosalamy/.m2/repository/velocity/velocity/1.4/velocity-1.4.jar:/Users/seifelmosalamy/.m2/repository/velocity/velocity-dep/1.4/velocity-dep-1.4.jar:/Users/seifelmosalamy/.m2/repository/com/google/inject/guice/4.1.0/guice-4.1.0.jar:/Users/seifelmosalamy/.m2/repository/javax/inject/javax.inject/1/javax.inject-1.jar:/Users/seifelmosalamy/.m2/repository/aopalliance/aopalliance/1.0/aopalliance-1.0.jar:"/>
    <property name="sun.cpu.endian" value="little"/>
    <property name="user.home" value="/Users/seifelmosalamy"/>
    <property name="user.language" value="en"/>
    <property name="java.specification.vendor" value="Oracle Corporation"/>
    <property name="java.version.date" value="2022-04-22"/>
    <property name="java.home" value="/Library/Java/JavaVirtualMachines/jdk-18.0.1.1.jdk/Contents/Home"/>
    <property name="file.separator" value="/"/>
    <property name="basedir" value="/Users/seifelmosalamy/My Mac/Yassir-Task-SeifElmosalamy/BBDO Task"/>
    <property name="java.vm.compressedOopsMode" value="Zero based"/>
    <property name="line.separator" value="&#10;"/>
    <property name="java.vm.specification.vendor" value="Oracle Corporation"/>
    <property name="java.specification.name" value="Java Platform API Specification"/>
    <property name="apple.awt.application.name" value="ForkedBooter"/>
    <property name="surefire.real.class.path" value="/Users/seifelmosalamy/My Mac/Yassir-Task-SeifElmosalamy/BBDO Task/target/surefire/surefirebooter-20250806021411859_3.jar"/>
    <property name="sun.management.compiler" value="HotSpot 64-Bit Tiered Compilers"/>
    <property name="ftp.nonProxyHosts" value="local|*.local|169.254/16|*.169.254/16"/>
    <property name="java.runtime.version" value="18.0.1.1+2-6"/>
    <property name="user.name" value="seifelmosalamy"/>
    <property name="path.separator" value=":"/>
    <property name="os.version" value="15.5"/>
    <property name="java.runtime.name" value="Java(TM) SE Runtime Environment"/>
    <property name="file.encoding" value="UTF-8"/>
    <property name="java.vm.name" value="Java HotSpot(TM) 64-Bit Server VM"/>
    <property name="localRepository" value="/Users/seifelmosalamy/.m2/repository"/>
    <property name="java.vendor.url.bug" value="https://bugreport.java.com/bugreport/"/>
    <property name="java.io.tmpdir" value="/var/folders/k1/tnl6z2z96tl4n4k5j3jkdz0w0000gn/T/"/>
    <property name="java.version" value="18.0.1.1"/>
    <property name="user.dir" value="/Users/seifelmosalamy/My Mac/Yassir-Task-SeifElmosalamy/BBDO Task/target"/>
    <property name="os.arch" value="aarch64"/>
    <property name="java.vm.specification.name" value="Java Virtual Machine Specification"/>
    <property name="native.encoding" value="UTF-8"/>
    <property name="java.library.path" value="/Users/seifelmosalamy/Library/Java/Extensions:/Library/Java/Extensions:/Network/Library/Java/Extensions:/System/Library/Java/Extensions:/usr/lib/java:."/>
    <property name="java.vm.info" value="mixed mode, sharing"/>
    <property name="java.vendor" value="Oracle Corporation"/>
    <property name="java.vm.version" value="18.0.1.1+2-6"/>
    <property name="sun.io.unicode.encoding" value="UnicodeBig"/>
    <property name="socksNonProxyHosts" value="local|*.local|169.254/16|*.169.254/16"/>
    <property name="java.class.version" value="62.0"/>
  </properties>
  <testcase name="testHappyFlow" classname="test.java.HappyFlowTestNGTest" time="6.596">
    <system-out><![CDATA[[TestNG] [WARN] Ignoring duplicate listener : org.uncommons.reportng.HTMLReporter
[TestNG] [WARN] Ignoring duplicate listener : org.uncommons.reportng.JUnitXMLReporter
Selected item: Test.allTheThings() T-Shirt (Red)
Screenshot taken for method: user_adds_an_item_to_the_cart
Screenshot saved to: /Users/seifelmosalamy/My Mac/Yassir-Task-SeifElmosalamy/BBDO Task/target/screenshots/user_adds_an_item_to_the_cart.png
Screenshot taken for method: user_goes_to_checkout
Screenshot saved to: /Users/seifelmosalamy/My Mac/Yassir-Task-SeifElmosalamy/BBDO Task/target/screenshots/user_goes_to_checkout.png
Item in cart: Test.allTheThings() T-Shirt (Red)
Screenshot taken for method: user_entered_his_info
Screenshot saved to: /Users/seifelmosalamy/My Mac/Yassir-Task-SeifElmosalamy/BBDO Task/target/screenshots/user_entered_his_info.png
Screenshot taken for method: checkout_page_is_displayed
Screenshot saved to: /Users/seifelmosalamy/My Mac/Yassir-Task-SeifElmosalamy/BBDO Task/target/screenshots/checkout_page_is_displayed.png
Screenshot taken for method: Finished checkout
Screenshot saved to: /Users/seifelmosalamy/My Mac/Yassir-Task-SeifElmosalamy/BBDO Task/target/screenshots/Finished checkout.png
]]></system-out>
    <system-err><![CDATA[SLF4J(W): No SLF4J providers were found.
SLF4J(W): Defaulting to no-operation (NOP) logger implementation
SLF4J(W): See https://www.slf4j.org/codes.html#noProviders for further details.
Aug 06, 2025 2:14:13 AM org.openqa.selenium.devtools.CdpVersionFinder findNearestMatch
WARNING: Unable to find CDP implementation matching 138
Aug 06, 2025 2:14:13 AM org.openqa.selenium.chromium.ChromiumDriver lambda$new$5
WARNING: Unable to find version of CDP to use for 138.0.7204.184. You may need to include a dependency on a specific version of the CDP using something similar to `org.seleniumhq.selenium:selenium-devtools-v86:4.19.1` where the version ("v86") matches the version of the chromium-based browser you're using and the version number of the artifact is the same as Selenium's.
]]></system-err>
  </testcase>
</testsuite>